Using pre-set license
Built from '2020.3/staging' branch; Version is '2020.3.0f1 (c7b5465681fb) revision 13088070'; Using compiler version '192528614'; Build Type 'Release'
OS: 'Windows 10 Pro; OS build 19042.1526; Version 2009; 64bit' Language: 'en' Physical Memory: 65418 MB
BatchMode: 1, IsHumanControllingUs: 0, StartBugReporterOnCrash: 0, Is64bit: 1, IsPro: 0

 COMMAND LINE ARGUMENTS:
C:\Program Files\Unity\Hub\Editor\2020.3.0f1\Editor\Unity.exe
-adb2
-batchMode
-noUpm
-name
AssetImportWorker0
-projectPath
D:/School/Opdrachten/FirstPersonPolygon/FirstPersonPolygon
-logFile
Logs/AssetImportWorker0.log
-srvPort
14355
Successfully changed project path to: D:/School/Opdrachten/FirstPersonPolygon/FirstPersonPolygon
D:/School/Opdrachten/FirstPersonPolygon/FirstPersonPolygon
Using Asset Import Pipeline V2.
Refreshing native plugins compatible for Editor in 29.19 ms, found 0 plugins.
Preloading 0 native plugins for Editor in 0.00 ms.
Initialize engine version: 2020.3.0f1 (c7b5465681fb)
[Subsystems] Discovering subsystems at path C:/Program Files/Unity/Hub/Editor/2020.3.0f1/Editor/Data/Resources/UnitySubsystems
[Subsystems] Discovering subsystems at path D:/School/Opdrachten/FirstPersonPolygon/FirstPersonPolygon/Assets
GfxDevice: creating device client; threaded=0
Direct3D:
    Version:  Direct3D 11.0 [level 11.1]
    Renderer: NVIDIA GeForce GTX 1060 6GB (ID=0x1c03)
    Vendor:   
    VRAM:     6052 MB
    Driver:   30.0.15.1165
Initialize mono
Mono path[0] = 'C:/Program Files/Unity/Hub/Editor/2020.3.0f1/Editor/Data/Managed'
Mono path[1] = 'C:/Program Files/Unity/Hub/Editor/2020.3.0f1/Editor/Data/MonoBleedingEdge/lib/mono/unityjit'
Mono config path = 'C:/Program Files/Unity/Hub/Editor/2020.3.0f1/Editor/Data/MonoBleedingEdge/etc'
Using monoOptions --debugger-agent=transport=dt_socket,embedding=1,server=y,suspend=n,address=127.0.0.1:56072
Begin MonoManager ReloadAssembly
Registering precompiled unity dll's ...
Register platform support module: C:/Program Files/Unity/Hub/Editor/2020.3.0f1/Editor/Data/PlaybackEngines/WindowsStandaloneSupport/UnityEditor.WindowsStandalone.Extensions.dll
Registered in 0.001610 seconds.
Native extension for WindowsStandalone target not found
Refreshing native plugins compatible for Editor in 22.30 ms, found 0 plugins.
Preloading 0 native plugins for Editor in 0.00 ms.
Invoked RoslynAnalysisRunner static constructor.
RoslynAnalysisRunner will not be running.
RoslynAnalysisRunner has terminated.
Mono: successfully reloaded assembly
- Completed reload, in  0.832 seconds
Platform modules already initialized, skipping
Registering precompiled user dll's ...
Registered in 0.000581 seconds.
Begin MonoManager ReloadAssembly
Native extension for WindowsStandalone target not found
Refreshing native plugins compatible for Editor in 0.32 ms, found 0 plugins.
Preloading 0 native plugins for Editor in 0.00 ms.
Invoked RoslynAnalysisRunner static constructor.
RoslynAnalysisRunner will not be running.
RoslynAnalysisRunner has terminated.
Mono: successfully reloaded assembly
- Completed reload, in  0.570 seconds
Platform modules already initialized, skipping
========================================================================
Worker process is ready to serve import requests
Launched and connected shader compiler UnityShaderCompiler.exe after 0.03 seconds
Refreshing native plugins compatible for Editor in 0.32 ms, found 0 plugins.
Preloading 0 native plugins for Editor in 0.00 ms.
Unloading 1138 Unused Serialized files (Serialized files now loaded: 0)
System memory in use before: 61.2 MB.
System memory in use after: 61.2 MB.

Unloading 10 unused Assets to reduce memory usage. Loaded Objects now: 1584.
Total: 1.483300 ms (FindLiveObjects: 0.107100 ms CreateObjectMapping: 0.026600 ms MarkObjects: 1.279400 ms  DeleteObjects: 0.069100 ms)

========================================================================
Received Import Request.
  path: Assets/PolygonPrototype/Materials/PolygonPrototype_Texture_02.mat
  artifactKey: Guid(f685a57b9da560a448bb95374a652f90) Importer(815301076,1909f56bfc062723c751e8b465ee728b)
Start importing Assets/PolygonPrototype/Materials/PolygonPrototype_Texture_02.mat using Guid(f685a57b9da560a448bb95374a652f90) Importer(815301076,1909f56bfc062723c751e8b465ee728b)  -> (artifact id: 'cc0857793cba3f7471f554a264fa27ae') in 0.089727 seconds
  Import took 0.091516 seconds .

========================================================================
Received Import Request.
  Time since last request: 0.000165 seconds.
  path: Assets/PolygonPrototype/Materials/PolygonPrototype_Texture_08.mat
  artifactKey: Guid(4d1c11ecf91c18d4e86d3818e8c650cc) Importer(815301076,1909f56bfc062723c751e8b465ee728b)
Start importing Assets/PolygonPrototype/Materials/PolygonPrototype_Texture_08.mat using Guid(4d1c11ecf91c18d4e86d3818e8c650cc) Importer(815301076,1909f56bfc062723c751e8b465ee728b)  -> (artifact id: '2ffe304b51682c6005146a1b05315bbc') in 0.017506 seconds
  Import took 0.019141 seconds .

========================================================================
Received Import Request.
  Time since last request: 0.000130 seconds.
  path: Assets/PolygonPrototype/Materials/PolygonPrototype_Global_Grid_04.mat
  artifactKey: Guid(c70e075a2144ba04784d74b7b2889fd3) Importer(815301076,1909f56bfc062723c751e8b465ee728b)
Start importing Assets/PolygonPrototype/Materials/PolygonPrototype_Global_Grid_04.mat using Guid(c70e075a2144ba04784d74b7b2889fd3) Importer(815301076,1909f56bfc062723c751e8b465ee728b)  -> (artifact id: '344d2355909583b0e2816e3bca60dac5') in 0.084545 seconds
  Import took 0.086223 seconds .

========================================================================
Received Import Request.
  Time since last request: 0.000134 seconds.
  path: Assets/PolygonPrototype/Materials/PolygonPrototype_Texture_01.mat
  artifactKey: Guid(41680dad0f0243748b4e228f49a2e3c4) Importer(815301076,1909f56bfc062723c751e8b465ee728b)
Start importing Assets/PolygonPrototype/Materials/PolygonPrototype_Texture_01.mat using Guid(41680dad0f0243748b4e228f49a2e3c4) Importer(815301076,1909f56bfc062723c751e8b465ee728b)  -> (artifact id: 'a90f5f111c49b44165b28c8708f80241') in 0.008269 seconds
  Import took 0.009768 seconds .

========================================================================
Received Import Request.
  Time since last request: 0.000123 seconds.
  path: Assets/PolygonPrototype/Materials/PolygonPrototype_Wire.mat
  artifactKey: Guid(d3c006a1b9a8b264f8bee7b56f38100a) Importer(815301076,1909f56bfc062723c751e8b465ee728b)
Start importing Assets/PolygonPrototype/Materials/PolygonPrototype_Wire.mat using Guid(d3c006a1b9a8b264f8bee7b56f38100a) Importer(815301076,1909f56bfc062723c751e8b465ee728b)  -> (artifact id: '9c9fa59075c40d44c6c2bd820c1bd469') in 0.026222 seconds
  Import took 0.028205 seconds .

========================================================================
Received Import Request.
  Time since last request: 0.000147 seconds.
  path: Assets/PolygonPrototype/Materials/PolygonPrototype_Global_Grid_01.mat
  artifactKey: Guid(4930c6ffa5b9b9f4098249a43abf8506) Importer(815301076,1909f56bfc062723c751e8b465ee728b)
Start importing Assets/PolygonPrototype/Materials/PolygonPrototype_Global_Grid_01.mat using Guid(4930c6ffa5b9b9f4098249a43abf8506) Importer(815301076,1909f56bfc062723c751e8b465ee728b)  -> (artifact id: 'f74f159a515eeffc200701aef126c4d3') in 0.008252 seconds
  Import took 0.009840 seconds .

========================================================================
Received Import Request.
  Time since last request: 0.000113 seconds.
  path: Assets/PolygonPrototype/Materials/PolygonPrototype_Texture_10.mat
  artifactKey: Guid(1e3f4dd6698853844b8cab4c33a09c96) Importer(815301076,1909f56bfc062723c751e8b465ee728b)
Start importing Assets/PolygonPrototype/Materials/PolygonPrototype_Texture_10.mat using Guid(1e3f4dd6698853844b8cab4c33a09c96) Importer(815301076,1909f56bfc062723c751e8b465ee728b)  -> (artifact id: '19ab3b8cd28d845edf27869d3f1a5053') in 0.046553 seconds
  Import took 0.048437 seconds .

========================================================================
Received Import Request.
  Time since last request: 0.000189 seconds.
  path: Assets/PolygonPrototype/Materials/PolygonPrototype_Global_Grid_03.mat
  artifactKey: Guid(6968e89851431104b8f931c37d69356b) Importer(815301076,1909f56bfc062723c751e8b465ee728b)
Start importing Assets/PolygonPrototype/Materials/PolygonPrototype_Global_Grid_03.mat using Guid(6968e89851431104b8f931c37d69356b) Importer(815301076,1909f56bfc062723c751e8b465ee728b)  -> (artifact id: '80e5245000091fd1f5673f1eca75cd53') in 0.008664 seconds
  Import took 0.010767 seconds .

========================================================================
Received Import Request.
  Time since last request: 0.000127 seconds.
  path: Assets/PolygonPrototype/Materials/PolygonPrototype_Global_Grid_08.mat
  artifactKey: Guid(2425c03ff18262a4eaa45371f0fe6dcf) Importer(815301076,1909f56bfc062723c751e8b465ee728b)
Start importing Assets/PolygonPrototype/Materials/PolygonPrototype_Global_Grid_08.mat using Guid(2425c03ff18262a4eaa45371f0fe6dcf) Importer(815301076,1909f56bfc062723c751e8b465ee728b)  -> (artifact id: 'd14599bb2595f62cb71c84762995d354') in 0.009549 seconds
  Import took 0.011500 seconds .

========================================================================
Received Import Request.
  Time since last request: 0.000170 seconds.
  path: Assets/PolygonPrototype/Materials/PolygonPrototype_Texture_09.mat
  artifactKey: Guid(dcc9a0b939c99774089653966acc8d75) Importer(815301076,1909f56bfc062723c751e8b465ee728b)
Start importing Assets/PolygonPrototype/Materials/PolygonPrototype_Texture_09.mat using Guid(dcc9a0b939c99774089653966acc8d75) Importer(815301076,1909f56bfc062723c751e8b465ee728b)  -> (artifact id: '6711017e15640489dd0ec84f9004f885') in 0.049930 seconds
  Import took 0.051851 seconds .

========================================================================
Received Import Request.
  Time since last request: 0.000129 seconds.
  path: Assets/PolygonPrototype/Materials/PolygonPrototype_Texture_06.mat
  artifactKey: Guid(25af05085d2957e42ac6b80b69ddd26a) Importer(815301076,1909f56bfc062723c751e8b465ee728b)
Start importing Assets/PolygonPrototype/Materials/PolygonPrototype_Texture_06.mat using Guid(25af05085d2957e42ac6b80b69ddd26a) Importer(815301076,1909f56bfc062723c751e8b465ee728b)  -> (artifact id: '634fe36d6ab30ed3763b165210af4045') in 0.017858 seconds
  Import took 0.019663 seconds .

========================================================================
Received Import Request.
  Time since last request: 0.000121 seconds.
  path: Assets/PolygonPrototype/Materials/PolygonPrototype_Global_Grid_10.mat
  artifactKey: Guid(b705b36c0a031c74bb375ee73b5ecce3) Importer(815301076,1909f56bfc062723c751e8b465ee728b)
Start importing Assets/PolygonPrototype/Materials/PolygonPrototype_Global_Grid_10.mat using Guid(b705b36c0a031c74bb375ee73b5ecce3) Importer(815301076,1909f56bfc062723c751e8b465ee728b)  -> (artifact id: 'e2efa0b2d6dbb3a9b8e2aecfac85bab8') in 0.008447 seconds
  Import took 0.010040 seconds .

========================================================================
Received Import Request.
  Time since last request: 0.000176 seconds.
  path: Assets/PolygonPrototype/Materials/PolygonPrototype_Glass_Global.mat
  artifactKey: Guid(0e6d9344d5bbb9a4abca1058f4e295d6) Importer(815301076,1909f56bfc062723c751e8b465ee728b)
Start importing Assets/PolygonPrototype/Materials/PolygonPrototype_Glass_Global.mat using Guid(0e6d9344d5bbb9a4abca1058f4e295d6) Importer(815301076,1909f56bfc062723c751e8b465ee728b)  -> (artifact id: 'e25ea6c252a9d439ae9ebf67d1afec62') in 0.053456 seconds
  Import took 0.055007 seconds .

========================================================================
Received Import Request.
  Time since last request: 0.000142 seconds.
  path: Assets/PolygonPrototype/Materials/PolygonPrototype_Texture_03.mat
  artifactKey: Guid(673443bdcb7bf2f47be93ce60e68966f) Importer(815301076,1909f56bfc062723c751e8b465ee728b)
Start importing Assets/PolygonPrototype/Materials/PolygonPrototype_Texture_03.mat using Guid(673443bdcb7bf2f47be93ce60e68966f) Importer(815301076,1909f56bfc062723c751e8b465ee728b)  -> (artifact id: '1070e2287c86151d25463bc22b5faeaa') in 0.009508 seconds
  Import took 0.011076 seconds .

========================================================================
Received Import Request.
  Time since last request: 0.000124 seconds.
  path: Assets/PolygonPrototype/Materials/PolygonPrototype_Global_Grid_07.mat
  artifactKey: Guid(6615f1708a4932646adcdc55932feefa) Importer(815301076,1909f56bfc062723c751e8b465ee728b)
Start importing Assets/PolygonPrototype/Materials/PolygonPrototype_Global_Grid_07.mat using Guid(6615f1708a4932646adcdc55932feefa) Importer(815301076,1909f56bfc062723c751e8b465ee728b)  -> (artifact id: 'b12d9ca2baa7fa3812472acbd4ca018b') in 0.008394 seconds
  Import took 0.010364 seconds .

========================================================================
Received Import Request.
  Time since last request: 0.000127 seconds.
  path: Assets/PolygonPrototype/Materials/PolygonPrototype_Texture_05.mat
  artifactKey: Guid(40347e2344b3ed04a8165ea238a93a0b) Importer(815301076,1909f56bfc062723c751e8b465ee728b)
Start importing Assets/PolygonPrototype/Materials/PolygonPrototype_Texture_05.mat using Guid(40347e2344b3ed04a8165ea238a93a0b) Importer(815301076,1909f56bfc062723c751e8b465ee728b)  -> (artifact id: '8e73bd87c4f21ea55942239aa22fbb19') in 0.045930 seconds
  Import took 0.047994 seconds .

========================================================================
Received Import Request.
  Time since last request: 0.000139 seconds.
  path: Assets/PolygonPrototype/Materials/PolygonPrototype_Global_Grid_09.mat
  artifactKey: Guid(8aa7a33ec074d5f429b993c5c857614b) Importer(815301076,1909f56bfc062723c751e8b465ee728b)
Start importing Assets/PolygonPrototype/Materials/PolygonPrototype_Global_Grid_09.mat using Guid(8aa7a33ec074d5f429b993c5c857614b) Importer(815301076,1909f56bfc062723c751e8b465ee728b)  -> (artifact id: '1247e7de5661b64e1e43679c9e87ed93') in 0.028023 seconds
  Import took 0.029724 seconds .

========================================================================
Received Import Request.
  Time since last request: 0.000140 seconds.
  path: Assets/PolygonPrototype/Materials/PolygonPrototype_Global_Grid_05.mat
  artifactKey: Guid(1e75d51d555dec54b90544819dd5e13a) Importer(815301076,1909f56bfc062723c751e8b465ee728b)
Start importing Assets/PolygonPrototype/Materials/PolygonPrototype_Global_Grid_05.mat using Guid(1e75d51d555dec54b90544819dd5e13a) Importer(815301076,1909f56bfc062723c751e8b465ee728b)  -> (artifact id: '0b5c938f30a9279f99a462ce30c884a1') in 0.008132 seconds
  Import took 0.009626 seconds .

========================================================================
Received Import Request.
  Time since last request: 0.000113 seconds.
  path: Assets/PolygonPrototype/Materials/PolygonPrototype_Texture_04.mat
  artifactKey: Guid(7d22fc6b9a431b043a917fb89a80bcfc) Importer(815301076,1909f56bfc062723c751e8b465ee728b)
Start importing Assets/PolygonPrototype/Materials/PolygonPrototype_Texture_04.mat using Guid(7d22fc6b9a431b043a917fb89a80bcfc) Importer(815301076,1909f56bfc062723c751e8b465ee728b)  -> (artifact id: 'd23bac52afaea58bd1cf308ab83d66e6') in 0.045100 seconds
  Import took 0.046663 seconds .

========================================================================
Received Import Request.
  Time since last request: 0.000128 seconds.
  path: Assets/PolygonPrototype/Materials/PolygonPrototype_Wire_White.mat
  artifactKey: Guid(ee178595c69007f46bf030c509a32f14) Importer(815301076,1909f56bfc062723c751e8b465ee728b)
Start importing Assets/PolygonPrototype/Materials/PolygonPrototype_Wire_White.mat using Guid(ee178595c69007f46bf030c509a32f14) Importer(815301076,1909f56bfc062723c751e8b465ee728b)  -> (artifact id: 'b15f5ec628a0bc462a534abe84d21d5b') in 0.022372 seconds
  Import took 0.024203 seconds .

========================================================================
Received Import Request.
  Time since last request: 0.000171 seconds.
  path: Assets/PolygonPrototype/Materials/PolygonPrototype_Global_Grid_06.mat
  artifactKey: Guid(a3cd22eceea5e8548b10cdb5d9b49a25) Importer(815301076,1909f56bfc062723c751e8b465ee728b)
Start importing Assets/PolygonPrototype/Materials/PolygonPrototype_Global_Grid_06.mat using Guid(a3cd22eceea5e8548b10cdb5d9b49a25) Importer(815301076,1909f56bfc062723c751e8b465ee728b)  -> (artifact id: 'd94001258704708116f1798f8bfba09c') in 0.013810 seconds
  Import took 0.015814 seconds .

========================================================================
Received Import Request.
  Time since last request: 0.000120 seconds.
  path: Assets/PolygonPrototype/Materials/PolygonPrototype_Global_Grid_02.mat
  artifactKey: Guid(5abb3d18170c7cc4b8ce3577ef8b5ed8) Importer(815301076,1909f56bfc062723c751e8b465ee728b)
Start importing Assets/PolygonPrototype/Materials/PolygonPrototype_Global_Grid_02.mat using Guid(5abb3d18170c7cc4b8ce3577ef8b5ed8) Importer(815301076,1909f56bfc062723c751e8b465ee728b)  -> (artifact id: '6a3db036b53d04005cd79e845a31f1dd') in 0.008206 seconds
  Import took 0.009761 seconds .

========================================================================
Received Import Request.
  Time since last request: 0.000127 seconds.
  path: Assets/PolygonPrototype/Materials/PolygonPrototype_Texture_07.mat
  artifactKey: Guid(6ba9f4735549d5b44b46a1e2a07ff751) Importer(815301076,1909f56bfc062723c751e8b465ee728b)
Start importing Assets/PolygonPrototype/Materials/PolygonPrototype_Texture_07.mat using Guid(6ba9f4735549d5b44b46a1e2a07ff751) Importer(815301076,1909f56bfc062723c751e8b465ee728b)  -> (artifact id: '6994ee865a834fb3e42d2b481cd86c19') in 0.009221 seconds
  Import took 0.011113 seconds .

========================================================================
Received Import Request.
  Time since last request: 52.422110 seconds.
  path: Assets/PolygonPrototype/Materials
  artifactKey: Guid(4f75dc308954a7e449a2c2cf25ac37d1) Importer(815301076,1909f56bfc062723c751e8b465ee728b)
Start importing Assets/PolygonPrototype/Materials using Guid(4f75dc308954a7e449a2c2cf25ac37d1) Importer(815301076,1909f56bfc062723c751e8b465ee728b)  -> (artifact id: '1fa20affaa26171807aec7b1d0402bdb') in 0.004698 seconds
  Import took 0.006591 seconds .

========================================================================
Received Import Request.
  Time since last request: 0.005834 seconds.
  path: Assets/PolygonPrototype/Materials
  artifactKey: Guid(4f75dc308954a7e449a2c2cf25ac37d1) Importer(815301076,1909f56bfc062723c751e8b465ee728b)
Start importing Assets/PolygonPrototype/Materials using Guid(4f75dc308954a7e449a2c2cf25ac37d1) Importer(815301076,1909f56bfc062723c751e8b465ee728b)  -> (artifact id: '1fa20affaa26171807aec7b1d0402bdb') in 0.001447 seconds
  Import took 0.002857 seconds .

========================================================================
Received Import Request.
  Time since last request: 17.995892 seconds.
  path: Assets/PolygonPrototype/Materials/New Material.mat
  artifactKey: Guid(e6766f3582f6d9842a46a51bf6f98716) Importer(815301076,1909f56bfc062723c751e8b465ee728b)
Start importing Assets/PolygonPrototype/Materials/New Material.mat using Guid(e6766f3582f6d9842a46a51bf6f98716) Importer(815301076,1909f56bfc062723c751e8b465ee728b)  -> (artifact id: '5675a63907a426a6022e91f0120c9423') in 0.008419 seconds
  Import took 0.010324 seconds .

========================================================================
Received Import Request.
  Time since last request: 22.814888 seconds.
  path: Assets/PolygonPrototype/Scenes/Models/SM_Buildings_WallChamfered_1x1_01.fbx
  artifactKey: Guid(9c26cb658adccb94c9f058d4a0231e8d) Importer(815301076,1909f56bfc062723c751e8b465ee728b)
Start importing Assets/PolygonPrototype/Scenes/Models/SM_Buildings_WallChamfered_1x1_01.fbx using Guid(9c26cb658adccb94c9f058d4a0231e8d) Importer(815301076,1909f56bfc062723c751e8b465ee728b)  -> (artifact id: 'fe4e9261317bf785af4cf8bc6e47c661') in 0.055209 seconds
  Import took 0.057108 seconds .

========================================================================
Received Import Request.
  Time since last request: 0.000126 seconds.
  path: Assets/PolygonPrototype/Scenes/Models/SM_Buildings_WallDoorDouble_5x3_01.fbx
  artifactKey: Guid(48d84bda24591244bbc6b1afcb9c31ac) Importer(815301076,1909f56bfc062723c751e8b465ee728b)
Start importing Assets/PolygonPrototype/Scenes/Models/SM_Buildings_WallDoorDouble_5x3_01.fbx using Guid(48d84bda24591244bbc6b1afcb9c31ac) Importer(815301076,1909f56bfc062723c751e8b465ee728b)  -> (artifact id: 'badcc509b8a383d2074a62646d23c6c1') in 0.010263 seconds
  Import took 0.012061 seconds .

========================================================================
Received Import Request.
  Time since last request: 0.000132 seconds.
  path: Assets/PolygonPrototype/Scenes/Models/SM_Buildings_WallWindow_5x3_01P.fbx
  artifactKey: Guid(410857ee5753fe94799f4f88e2e1102a) Importer(815301076,1909f56bfc062723c751e8b465ee728b)
Start importing Assets/PolygonPrototype/Scenes/Models/SM_Buildings_WallWindow_5x3_01P.fbx using Guid(410857ee5753fe94799f4f88e2e1102a) Importer(815301076,1909f56bfc062723c751e8b465ee728b)  -> (artifact id: '08ffd77cdce146b848c1b74d3031d125') in 0.009949 seconds
  Import took 0.011601 seconds .

========================================================================
Received Import Request.
  Time since last request: 0.000116 seconds.
  path: Assets/PolygonPrototype/Scenes/Models/SM_Generic_Cloud_02.fbx
  artifactKey: Guid(22be5651e9803104da808f052c142d2f) Importer(815301076,1909f56bfc062723c751e8b465ee728b)
Start importing Assets/PolygonPrototype/Scenes/Models/SM_Generic_Cloud_02.fbx using Guid(22be5651e9803104da808f052c142d2f) Importer(815301076,1909f56bfc062723c751e8b465ee728b)  -> (artifact id: 'c54d87d1906ecf89a2484c6b6bcb31d8') in 0.018610 seconds
  Import took 0.020353 seconds .

========================================================================
Received Import Request.
  Time since last request: 0.000130 seconds.
  path: Assets/PolygonPrototype/Scenes/Models/SM_Generic_Mountains_Snow_01.fbx
  artifactKey: Guid(4985aaf2a0b2ff049b23d76614ea05bd) Importer(815301076,1909f56bfc062723c751e8b465ee728b)
Start importing Assets/PolygonPrototype/Scenes/Models/SM_Generic_Mountains_Snow_01.fbx using Guid(4985aaf2a0b2ff049b23d76614ea05bd) Importer(815301076,1909f56bfc062723c751e8b465ee728b)  -> (artifact id: 'd7282d364a6de69c3516023793f75eda') in 0.010302 seconds
  Import took 0.012037 seconds .

========================================================================
Received Import Request.
  Time since last request: 0.000116 seconds.
  path: Assets/PolygonPrototype/Scenes/Models/SM_Generic_Small_Rocks_02.fbx
  artifactKey: Guid(867db21fdfb094f488457f3554b01aa3) Importer(815301076,1909f56bfc062723c751e8b465ee728b)
Start importing Assets/PolygonPrototype/Scenes/Models/SM_Generic_Small_Rocks_02.fbx using Guid(867db21fdfb094f488457f3554b01aa3) Importer(815301076,1909f56bfc062723c751e8b465ee728b)  -> (artifact id: '9eba35591226d11fb75bbfd9cfd77d9c') in 0.011002 seconds
  Import took 0.012509 seconds .

========================================================================
Received Import Request.
  Time since last request: 0.000115 seconds.
  path: Assets/PolygonPrototype/Scenes/Models/SM_Generic_Water_Plane_02.fbx
  artifactKey: Guid(b20b20fa7808c5d48ad452030f9e3a3c) Importer(815301076,1909f56bfc062723c751e8b465ee728b)
Start importing Assets/PolygonPrototype/Scenes/Models/SM_Generic_Water_Plane_02.fbx using Guid(b20b20fa7808c5d48ad452030f9e3a3c) Importer(815301076,1909f56bfc062723c751e8b465ee728b)  -> (artifact id: '47fb4859aff92842fc8bc849c7119e85') in 0.010638 seconds
  Import took 0.012070 seconds .

========================================================================
Received Import Request.
  Time since last request: 0.000133 seconds.
  path: Assets/PolygonPrototype/Scenes/Models/SM_Buildings_WallWindowDouble_5x3_01P.fbx
  artifactKey: Guid(64a25fc27997b63408011efc1ce3f4a2) Importer(815301076,1909f56bfc062723c751e8b465ee728b)
Start importing Assets/PolygonPrototype/Scenes/Models/SM_Buildings_WallWindowDouble_5x3_01P.fbx using Guid(64a25fc27997b63408011efc1ce3f4a2) Importer(815301076,1909f56bfc062723c751e8b465ee728b)  -> (artifact id: '0db449e7703dd38e25986b163299d5e4') in 0.009919 seconds
  Import took 0.011389 seconds .

========================================================================
Received Import Request.
  Time since last request: 0.000150 seconds.
  path: Assets/PolygonPrototype/Scenes/Models/SM_Icon_Arrow_Long_02.fbx
  artifactKey: Guid(b803ffa5defec7b4d93728abb307b976) Importer(815301076,1909f56bfc062723c751e8b465ee728b)
Start importing Assets/PolygonPrototype/Scenes/Models/SM_Icon_Arrow_Long_02.fbx using Guid(b803ffa5defec7b4d93728abb307b976) Importer(815301076,1909f56bfc062723c751e8b465ee728b)  -> (artifact id: '6574370cc63eaaeb53fdd42f4313cc73') in 0.013635 seconds
  Import took 0.015295 seconds .

========================================================================
Received Import Request.
  Time since last request: 0.000121 seconds.
  path: Assets/PolygonPrototype/Scenes/Models/SM_Buildings_WallWindowDouble_5x3_01.fbx
  artifactKey: Guid(7059647bd115c0142a6d2561b771b697) Importer(815301076,1909f56bfc062723c751e8b465ee728b)
Start importing Assets/PolygonPrototype/Scenes/Models/SM_Buildings_WallWindowDouble_5x3_01.fbx using Guid(7059647bd115c0142a6d2561b771b697) Importer(815301076,1909f56bfc062723c751e8b465ee728b)  -> (artifact id: '0a8d9b9baef2e66ae09b9cce5afd5edc') in 0.009817 seconds
  Import took 0.011297 seconds .

========================================================================
Received Import Request.
  Time since last request: 0.000112 seconds.
  path: Assets/PolygonPrototype/Scenes/Models/SM_Buildings_WallCurved_1x1_01.fbx
  artifactKey: Guid(f8f044437cd3bf941ae92e4d37e1faa3) Importer(815301076,1909f56bfc062723c751e8b465ee728b)
Start importing Assets/PolygonPrototype/Scenes/Models/SM_Buildings_WallCurved_1x1_01.fbx using Guid(f8f044437cd3bf941ae92e4d37e1faa3) Importer(815301076,1909f56bfc062723c751e8b465ee728b)  -> (artifact id: '42cc9f3054e79b59120380e55022abbe') in 0.010201 seconds
  Import took 0.011613 seconds .

========================================================================
Received Import Request.
  Time since last request: 0.000108 seconds.
  path: Assets/PolygonPrototype/Scenes/Models/SM_Buildings_WallWindow_2x3_01.fbx
  artifactKey: Guid(c61783dd79ffb5443ac65c3892395ad7) Importer(815301076,1909f56bfc062723c751e8b465ee728b)
Start importing Assets/PolygonPrototype/Scenes/Models/SM_Buildings_WallWindow_2x3_01.fbx using Guid(c61783dd79ffb5443ac65c3892395ad7) Importer(815301076,1909f56bfc062723c751e8b465ee728b)  -> (artifact id: 'b78fba071dd7d40b059d8ccddbca17ef') in 0.009507 seconds
  Import took 0.010999 seconds .

========================================================================
Received Import Request.
  Time since last request: 0.000129 seconds.
  path: Assets/PolygonPrototype/Scenes/Models/SM_Buildings_WallWindowDouble_2x3_01.fbx
  artifactKey: Guid(7b6bc6e5974c1714f974a1c13f7a9bcb) Importer(815301076,1909f56bfc062723c751e8b465ee728b)
Start importing Assets/PolygonPrototype/Scenes/Models/SM_Buildings_WallWindowDouble_2x3_01.fbx using Guid(7b6bc6e5974c1714f974a1c13f7a9bcb) Importer(815301076,1909f56bfc062723c751e8b465ee728b)  -> (artifact id: 'b877726f0a9c78c92770ec82b61a6e75') in 0.009398 seconds
  Import took 0.011124 seconds .

========================================================================
Received Import Request.
  Time since last request: 0.000180 seconds.
  path: Assets/PolygonPrototype/Scenes/Models/SM_Icon_Arrow_Small_03.fbx
  artifactKey: Guid(54ba903e817459a4283252cab46e24a6) Importer(815301076,1909f56bfc062723c751e8b465ee728b)
Start importing Assets/PolygonPrototype/Scenes/Models/SM_Icon_Arrow_Small_03.fbx using Guid(54ba903e817459a4283252cab46e24a6) Importer(815301076,1909f56bfc062723c751e8b465ee728b)  -> (artifact id: 'ac63a52835565046c096bbe8052e46c3') in 0.009387 seconds
  Import took 0.010803 seconds .

========================================================================
Received Import Request.
  Time since last request: 0.000118 seconds.
  path: Assets/PolygonPrototype/Scenes/Models/SM_Generic_Water_Plane_01.fbx
  artifactKey: Guid(4d5bf05349fa8854198809b7abf9a9bb) Importer(815301076,1909f56bfc062723c751e8b465ee728b)
Start importing Assets/PolygonPrototype/Scenes/Models/SM_Generic_Water_Plane_01.fbx using Guid(4d5bf05349fa8854198809b7abf9a9bb) Importer(815301076,1909f56bfc062723c751e8b465ee728b)  -> (artifact id: '2d7dc9bdf4a405b01e6f132957c3a7ed') in 0.009836 seconds
  Import took 0.011189 seconds .

========================================================================
Received Import Request.
  Time since last request: 0.000122 seconds.
  path: Assets/PolygonPrototype/Scenes/Models/SM_Generic_Tree_02.fbx
  artifactKey: Guid(92935b06e3780af4482a4cd2346647d7) Importer(815301076,1909f56bfc062723c751e8b465ee728b)
Start importing Assets/PolygonPrototype/Scenes/Models/SM_Generic_Tree_02.fbx using Guid(92935b06e3780af4482a4cd2346647d7) Importer(815301076,1909f56bfc062723c751e8b465ee728b)  -> (artifact id: '0b3b94420d938baa61181ff61864be2a') in 0.010158 seconds
  Import took 0.011698 seconds .

========================================================================
Received Import Request.
  Time since last request: 0.000128 seconds.
  path: Assets/PolygonPrototype/Scenes/Models/SM_Buildings_WallDoor_2x3_01P.fbx
  artifactKey: Guid(879974dbb9a22c44f9343b9d003127ab) Importer(815301076,1909f56bfc062723c751e8b465ee728b)
Start importing Assets/PolygonPrototype/Scenes/Models/SM_Buildings_WallDoor_2x3_01P.fbx using Guid(879974dbb9a22c44f9343b9d003127ab) Importer(815301076,1909f56bfc062723c751e8b465ee728b)  -> (artifact id: '2ed43d102ffbf002a2a6ce275486fcf0') in 0.009381 seconds
  Import took 0.010890 seconds .

========================================================================
Received Import Request.
  Time since last request: 0.000145 seconds.
  path: Assets/PolygonPrototype/Scenes/Models/SM_Generic_Mountains_Soft_01.fbx
  artifactKey: Guid(de83fe6560da16e42a98515b8c369345) Importer(815301076,1909f56bfc062723c751e8b465ee728b)
Start importing Assets/PolygonPrototype/Scenes/Models/SM_Generic_Mountains_Soft_01.fbx using Guid(de83fe6560da16e42a98515b8c369345) Importer(815301076,1909f56bfc062723c751e8b465ee728b)  -> (artifact id: 'ce9aaec2b5122b076f42aaa70eb7b198') in 0.009904 seconds
  Import took 0.011505 seconds .

========================================================================
Received Import Request.
  Time since last request: 0.000119 seconds.
  path: Assets/PolygonPrototype/Scenes/Models/SM_Icon_Apple_01.fbx
  artifactKey: Guid(fe512fe22ccb6d0419f94a02c4521547) Importer(815301076,1909f56bfc062723c751e8b465ee728b)
Start importing Assets/PolygonPrototype/Scenes/Models/SM_Icon_Apple_01.fbx using Guid(fe512fe22ccb6d0419f94a02c4521547) Importer(815301076,1909f56bfc062723c751e8b465ee728b)  -> (artifact id: '7ded8f038505767df18f61011239a839') in 0.011128 seconds
  Import took 0.012698 seconds .

========================================================================
Received Import Request.
  Time since last request: 0.000126 seconds.
  path: Assets/PolygonPrototype/Scenes/Models/SM_FX_Glow_Ring_01.fbx
  artifactKey: Guid(d29428f9d0c477141a67eda96e5710ea) Importer(815301076,1909f56bfc062723c751e8b465ee728b)
Start importing Assets/PolygonPrototype/Scenes/Models/SM_FX_Glow_Ring_01.fbx using Guid(d29428f9d0c477141a67eda96e5710ea) Importer(815301076,1909f56bfc062723c751e8b465ee728b)  -> (artifact id: '05724e4f2e4e37f24c08dd967022494b') in 0.009873 seconds
  Import took 0.011424 seconds .

========================================================================
Received Import Request.
  Time since last request: 0.000130 seconds.
  path: Assets/PolygonPrototype/Scenes/Models/SM_Icon_Ammo_04.fbx
  artifactKey: Guid(a0b12b0b7c7edba4a9740c5ebb7c454d) Importer(815301076,1909f56bfc062723c751e8b465ee728b)
Start importing Assets/PolygonPrototype/Scenes/Models/SM_Icon_Ammo_04.fbx using Guid(a0b12b0b7c7edba4a9740c5ebb7c454d) Importer(815301076,1909f56bfc062723c751e8b465ee728b)  -> (artifact id: '8b6c68504bbd87aa49e080df1bc93290') in 0.009839 seconds
  Import took 0.011439 seconds .

========================================================================
Received Import Request.
  Time since last request: 0.000134 seconds.
  path: Assets/PolygonPrototype/Scenes/Models/SM_Buildings_WallCurved_1x1_01P.fbx
  artifactKey: Guid(a1cc6d3321edb2248bba26fdc6d1ff08) Importer(815301076,1909f56bfc062723c751e8b465ee728b)
Start importing Assets/PolygonPrototype/Scenes/Models/SM_Buildings_WallCurved_1x1_01P.fbx using Guid(a1cc6d3321edb2248bba26fdc6d1ff08) Importer(815301076,1909f56bfc062723c751e8b465ee728b)  -> (artifact id: '7794286bbe0018d29f6dc97ea0ea7992') in 0.010294 seconds
  Import took 0.012279 seconds .

========================================================================
Received Import Request.
  Time since last request: 0.000137 seconds.
  path: Assets/PolygonPrototype/Scenes/Models/SM_Generic_Tree_01.fbx
  artifactKey: Guid(e3650bb37d2641047a6ac0398ce4dc96) Importer(815301076,1909f56bfc062723c751e8b465ee728b)
Start importing Assets/PolygonPrototype/Scenes/Models/SM_Generic_Tree_01.fbx using Guid(e3650bb37d2641047a6ac0398ce4dc96) Importer(815301076,1909f56bfc062723c751e8b465ee728b)  -> (artifact id: '3837ffd1f985085ac7ccbd3517dcb7fe') in 0.009588 seconds
  Import took 0.011046 seconds .

========================================================================
Received Import Request.
  Time since last request: 0.000116 seconds.
  path: Assets/PolygonPrototype/Scenes/Models/SM_Icon_Arrow_Small_05.fbx
  artifactKey: Guid(e6281cb45791c0f449ba8568954738d5) Importer(815301076,1909f56bfc062723c751e8b465ee728b)
Start importing Assets/PolygonPrototype/Scenes/Models/SM_Icon_Arrow_Small_05.fbx using Guid(e6281cb45791c0f449ba8568954738d5) Importer(815301076,1909f56bfc062723c751e8b465ee728b)  -> (artifact id: '54399f4b8cd6ea223c86f32c28a049ca') in 0.009175 seconds
  Import took 0.010781 seconds .

========================================================================
Received Import Request.
  Time since last request: 0.000117 seconds.
  path: Assets/PolygonPrototype/Scenes/Models/SM_Buildings_WindowGlass_01.fbx
  artifactKey: Guid(d3cc5dc9e6f4c644caeb3be6e2776220) Importer(815301076,1909f56bfc062723c751e8b465ee728b)
Start importing Assets/PolygonPrototype/Scenes/Models/SM_Buildings_WindowGlass_01.fbx using Guid(d3cc5dc9e6f4c644caeb3be6e2776220) Importer(815301076,1909f56bfc062723c751e8b465ee728b)  -> (artifact id: '63e1376ceb2974058e900ff1595a3e4b') in 0.009365 seconds
  Import took 0.010981 seconds .

========================================================================
Received Import Request.
  Time since last request: 0.000131 seconds.
  path: Assets/PolygonPrototype/Scenes/Models/SM_Buildings_WindowFrame_01.fbx
  artifactKey: Guid(205fde2edc600c744950faf319f99498) Importer(815301076,1909f56bfc062723c751e8b465ee728b)
Start importing Assets/PolygonPrototype/Scenes/Models/SM_Buildings_WindowFrame_01.fbx using Guid(205fde2edc600c744950faf319f99498) Importer(815301076,1909f56bfc062723c751e8b465ee728b)  -> (artifact id: '824de8c593d45c6ed34f88857f0176a6') in 0.010638 seconds
  Import took 0.012359 seconds .

========================================================================
Received Import Request.
  Time since last request: 0.000127 seconds.
  path: Assets/PolygonPrototype/Scenes/Models/SM_Icon_Arrow_Small_01.fbx
  artifactKey: Guid(506749b8b4289ca4d99b1458973d1ab0) Importer(815301076,1909f56bfc062723c751e8b465ee728b)
Start importing Assets/PolygonPrototype/Scenes/Models/SM_Icon_Arrow_Small_01.fbx using Guid(506749b8b4289ca4d99b1458973d1ab0) Importer(815301076,1909f56bfc062723c751e8b465ee728b)  -> (artifact id: '622480de06949f9fc2f1b3ba1e5a9447') in 0.009855 seconds
  Import took 0.011307 seconds .

========================================================================
Received Import Request.
  Time since last request: 0.000113 seconds.
  path: Assets/PolygonPrototype/Scenes/Models/SM_Icon_Arrow_Long_Curve_03.fbx
  artifactKey: Guid(45cae7d1798ee244ebd14eee9b1a95b9) Importer(815301076,1909f56bfc062723c751e8b465ee728b)
Start importing Assets/PolygonPrototype/Scenes/Models/SM_Icon_Arrow_Long_Curve_03.fbx using Guid(45cae7d1798ee244ebd14eee9b1a95b9) Importer(815301076,1909f56bfc062723c751e8b465ee728b)  -> (artifact id: 'df019baa75f31b6658589b83ee99b39d') in 0.010822 seconds
  Import took 0.012479 seconds .

========================================================================
Received Import Request.
  Time since last request: 0.000150 seconds.
  path: Assets/PolygonPrototype/Scenes/Models/SM_Icon_Ammo_03.fbx
  artifactKey: Guid(70fff6b6a7ad4eb4297625291a9cc997) Importer(815301076,1909f56bfc062723c751e8b465ee728b)
Start importing Assets/PolygonPrototype/Scenes/Models/SM_Icon_Ammo_03.fbx using Guid(70fff6b6a7ad4eb4297625291a9cc997) Importer(815301076,1909f56bfc062723c751e8b465ee728b)  -> (artifact id: '1c2fe5d0464ac0f37741fa2a6dcbe43f') in 0.009808 seconds
  Import took 0.011718 seconds .

========================================================================
Received Import Request.
  Time since last request: 0.000135 seconds.
  path: Assets/PolygonPrototype/Scenes/Models/SM_Buildings_WindowFrame_01P.fbx
  artifactKey: Guid(b8f81750df03ce146b46dd8525193534) Importer(815301076,1909f56bfc062723c751e8b465ee728b)
Start importing Assets/PolygonPrototype/Scenes/Models/SM_Buildings_WindowFrame_01P.fbx using Guid(b8f81750df03ce146b46dd8525193534) Importer(815301076,1909f56bfc062723c751e8b465ee728b)  -> (artifact id: 'e70917251a3d01bf874abeaf0f24886e') in 0.010907 seconds
  Import took 0.012527 seconds .

========================================================================
Received Import Request.
  Time since last request: 0.000133 seconds.
  path: Assets/PolygonPrototype/Scenes/Models/SM_Chr_Attach_Female_Hair_01.fbx
  artifactKey: Guid(f6e973e5fcce35e438035a56ca9de88a) Importer(815301076,1909f56bfc062723c751e8b465ee728b)
Start importing Assets/PolygonPrototype/Scenes/Models/SM_Chr_Attach_Female_Hair_01.fbx using Guid(f6e973e5fcce35e438035a56ca9de88a) Importer(815301076,1909f56bfc062723c751e8b465ee728b)  -> (artifact id: 'd9cf445789b74a0905bb24196b9032ba') in 0.011546 seconds
  Import took 0.013470 seconds .

========================================================================
Received Import Request.
  Time since last request: 0.000126 seconds.
  path: Assets/PolygonPrototype/Scenes/Models/SM_Generic_Mountains_Grass_01.fbx
  artifactKey: Guid(1d8ffa093204884488d93f8cb4a52235) Importer(815301076,1909f56bfc062723c751e8b465ee728b)
Start importing Assets/PolygonPrototype/Scenes/Models/SM_Generic_Mountains_Grass_01.fbx using Guid(1d8ffa093204884488d93f8cb4a52235) Importer(815301076,1909f56bfc062723c751e8b465ee728b)  -> (artifact id: '28f5206bc61993442f57cc18d47ac1fc') in 0.009798 seconds
  Import took 0.011343 seconds .

========================================================================
Received Import Request.
  Time since last request: 0.000118 seconds.
  path: Assets/PolygonPrototype/Scenes/Models/SM_Generic_Small_Rocks_01.fbx
  artifactKey: Guid(f3726f6b6ec068d4a958b2e3a8c964f1) Importer(815301076,1909f56bfc062723c751e8b465ee728b)
Start importing Assets/PolygonPrototype/Scenes/Models/SM_Generic_Small_Rocks_01.fbx using Guid(f3726f6b6ec068d4a958b2e3a8c964f1) Importer(815301076,1909f56bfc062723c751e8b465ee728b)  -> (artifact id: 'f5ecfd5f88815f8205439635b0c38a39') in 0.009460 seconds
  Import took 0.011014 seconds .

========================================================================
Received Import Request.
  Time since last request: 0.000117 seconds.
  path: Assets/PolygonPrototype/Scenes/Models/SM_Buildings_WallDoorDouble_5x3_01P.fbx
  artifactKey: Guid(45ce4593ac20f634b98e0baef2fa39f5) Importer(815301076,1909f56bfc062723c751e8b465ee728b)
Start importing Assets/PolygonPrototype/Scenes/Models/SM_Buildings_WallDoorDouble_5x3_01P.fbx using Guid(45ce4593ac20f634b98e0baef2fa39f5) Importer(815301076,1909f56bfc062723c751e8b465ee728b)  -> (artifact id: '55d46f7d0107935538e678cbdb034766') in 0.010184 seconds
  Import took 0.011754 seconds .

========================================================================
Received Import Request.
  Time since last request: 0.000136 seconds.
  path: Assets/PolygonPrototype/Scenes/Models/SM_Generic_Cloud_03.fbx
  artifactKey: Guid(0cc96fbf62514f54e9e628efc7e27da9) Importer(815301076,1909f56bfc062723c751e8b465ee728b)
Start importing Assets/PolygonPrototype/Scenes/Models/SM_Generic_Cloud_03.fbx using Guid(0cc96fbf62514f54e9e628efc7e27da9) Importer(815301076,1909f56bfc062723c751e8b465ee728b)  -> (artifact id: 'c30ba1c66d789286ca288e12684eb6f5') in 0.009519 seconds
  Import took 0.011089 seconds .

========================================================================
Received Import Request.
  Time since last request: 0.000121 seconds.
  path: Assets/PolygonPrototype/Scenes/Models/SM_Buildings_WallDoorDouble_3x3_01P.fbx
  artifactKey: Guid(563a57b762071ce43b923dbb6e5c3a40) Importer(815301076,1909f56bfc062723c751e8b465ee728b)
Start importing Assets/PolygonPrototype/Scenes/Models/SM_Buildings_WallDoorDouble_3x3_01P.fbx using Guid(563a57b762071ce43b923dbb6e5c3a40) Importer(815301076,1909f56bfc062723c751e8b465ee728b)  -> (artifact id: '77bc191d5a95354cf1f4c095c99f0408') in 0.009194 seconds
  Import took 0.010814 seconds .

========================================================================
Received Import Request.
  Time since last request: 0.000119 seconds.
  path: Assets/PolygonPrototype/Scenes/Models/SM_Icon_Arrow_Long_Curve_01.fbx
  artifactKey: Guid(cb1e5143eebad2642b5758464d19bf4f) Importer(815301076,1909f56bfc062723c751e8b465ee728b)
Start importing Assets/PolygonPrototype/Scenes/Models/SM_Icon_Arrow_Long_Curve_01.fbx using Guid(cb1e5143eebad2642b5758464d19bf4f) Importer(815301076,1909f56bfc062723c751e8b465ee728b)  -> (artifact id: '7efa6410940f7a24c3461dd07222c116') in 0.009275 seconds
  Import took 0.011165 seconds .

========================================================================
Received Import Request.
  Time since last request: 0.000145 seconds.
  path: Assets/PolygonPrototype/Scenes/Models/SM_Buildings_WallChamfered_1x1_01.fbx
  artifactKey: Guid(9c26cb658adccb94c9f058d4a0231e8d) Importer(815301076,1909f56bfc062723c751e8b465ee728b)
Start importing Assets/PolygonPrototype/Scenes/Models/SM_Buildings_WallChamfered_1x1_01.fbx using Guid(9c26cb658adccb94c9f058d4a0231e8d) Importer(815301076,1909f56bfc062723c751e8b465ee728b)  -> (artifact id: 'fe4e9261317bf785af4cf8bc6e47c661') in 0.009659 seconds
  Import took 0.011494 seconds .

========================================================================
Received Import Request.
  Time since last request: 0.000110 seconds.
  path: Assets/PolygonPrototype/Scenes/Models/SM_Gerneric_Grass_Patch_02.fbx
  artifactKey: Guid(c37207ea294d07e4191a09297b56a62a) Importer(815301076,1909f56bfc062723c751e8b465ee728b)
Start importing Assets/PolygonPrototype/Scenes/Models/SM_Gerneric_Grass_Patch_02.fbx using Guid(c37207ea294d07e4191a09297b56a62a) Importer(815301076,1909f56bfc062723c751e8b465ee728b)  -> (artifact id: 'c6bd96d486064a144c468bb31801df39') in 0.009469 seconds
  Import took 0.010911 seconds .

========================================================================
Received Import Request.
  Time since last request: 0.000110 seconds.
  path: Assets/PolygonPrototype/Scenes/Models/SM_FX_Glow_Ring_02.fbx
  artifactKey: Guid(d6cf0e6308e0a4c44b67833737a10902) Importer(815301076,1909f56bfc062723c751e8b465ee728b)
Start importing Assets/PolygonPrototype/Scenes/Models/SM_FX_Glow_Ring_02.fbx using Guid(d6cf0e6308e0a4c44b67833737a10902) Importer(815301076,1909f56bfc062723c751e8b465ee728b)  -> (artifact id: 'ff2d5372bb22d9a2614e558089926c38') in 0.009641 seconds
  Import took 0.011208 seconds .

========================================================================
Received Import Request.
  Time since last request: 0.000115 seconds.
  path: Assets/PolygonPrototype/Scenes/Models/SM_Buildings_WallChamfered_2x2_01.fbx
  artifactKey: Guid(471d090967b61644f834501e5a1f4abd) Importer(815301076,1909f56bfc062723c751e8b465ee728b)
Start importing Assets/PolygonPrototype/Scenes/Models/SM_Buildings_WallChamfered_2x2_01.fbx using Guid(471d090967b61644f834501e5a1f4abd) Importer(815301076,1909f56bfc062723c751e8b465ee728b)  -> (artifact id: '4cbf8762349b1d251c2deffd54a8c9e3') in 0.009665 seconds
  Import took 0.011109 seconds .

========================================================================
Received Import Request.
  Time since last request: 0.000122 seconds.
  path: Assets/PolygonPrototype/Scenes/Models/SM_Chr_Attach_Male_Hair_01.fbx
  artifactKey: Guid(6d4784023b930e945aa80d24df5c96af) Importer(815301076,1909f56bfc062723c751e8b465ee728b)
Start importing Assets/PolygonPrototype/Scenes/Models/SM_Chr_Attach_Male_Hair_01.fbx using Guid(6d4784023b930e945aa80d24df5c96af) Importer(815301076,1909f56bfc062723c751e8b465ee728b)  -> (artifact id: '62a5ae2ad71226efadb7b1b2caa6810d') in 0.010871 seconds
  Import took 0.012479 seconds .

========================================================================
Received Import Request.
  Time since last request: 0.000111 seconds.
  path: Assets/PolygonPrototype/Scenes/Models/SM_Buildings_WallDoor_2x3_01.fbx
  artifactKey: Guid(3316d1e99a707354a8f7b236cf8726a8) Importer(815301076,1909f56bfc062723c751e8b465ee728b)
Start importing Assets/PolygonPrototype/Scenes/Models/SM_Buildings_WallDoor_2x3_01.fbx using Guid(3316d1e99a707354a8f7b236cf8726a8) Importer(815301076,1909f56bfc062723c751e8b465ee728b)  -> (artifact id: '604df78e6db1ffe0b82a7570fa9157b6') in 0.009702 seconds
  Import took 0.011485 seconds .

========================================================================
Received Import Request.
  Time since last request: 0.000131 seconds.
  path: Assets/PolygonPrototype/Scenes/Models/SM_Icon_Ammo_01.fbx
  artifactKey: Guid(090696055a784af4d9aa142969be078f) Importer(815301076,1909f56bfc062723c751e8b465ee728b)
Start importing Assets/PolygonPrototype/Scenes/Models/SM_Icon_Ammo_01.fbx using Guid(090696055a784af4d9aa142969be078f) Importer(815301076,1909f56bfc062723c751e8b465ee728b)  -> (artifact id: '41076cbc930e6ccfa008e55f24afd563') in 0.010256 seconds
  Import took 0.011940 seconds .

========================================================================
Received Import Request.
  Time since last request: 0.000194 seconds.
  path: Assets/PolygonPrototype/Scenes/Models/SM_Buildings_WallChamfered_2x2_01P.fbx
  artifactKey: Guid(b47667a8840915147a5e57faf2c364d1) Importer(815301076,1909f56bfc062723c751e8b465ee728b)
Start importing Assets/PolygonPrototype/Scenes/Models/SM_Buildings_WallChamfered_2x2_01P.fbx using Guid(b47667a8840915147a5e57faf2c364d1) Importer(815301076,1909f56bfc062723c751e8b465ee728b)  -> (artifact id: 'b27b8d05140493244cb4130d9992c18e') in 0.009214 seconds
  Import took 0.010856 seconds .

========================================================================
Received Import Request.
  Time since last request: 0.000124 seconds.
  path: Assets/PolygonPrototype/Scenes/Models/SM_Icon_Arrow_Long_Curve_02.fbx
  artifactKey: Guid(1dbd03cbe51486b4c9a9fe731a3bafd6) Importer(815301076,1909f56bfc062723c751e8b465ee728b)
Start importing Assets/PolygonPrototype/Scenes/Models/SM_Icon_Arrow_Long_Curve_02.fbx using Guid(1dbd03cbe51486b4c9a9fe731a3bafd6) Importer(815301076,1909f56bfc062723c751e8b465ee728b)  -> (artifact id: 'b76cc6c421f720ecb02d5e27b3dc0f15') in 0.010325 seconds
  Import took 0.012483 seconds .

========================================================================
Received Import Request.
  Time since last request: 0.000134 seconds.
  path: Assets/PolygonPrototype/Scenes/Models/SM_Buildings_WallDoor_5x3_01P.fbx
  artifactKey: Guid(d02465c6b6027974ba95cfee1396578e) Importer(815301076,1909f56bfc062723c751e8b465ee728b)
Start importing Assets/PolygonPrototype/Scenes/Models/SM_Buildings_WallDoor_5x3_01P.fbx using Guid(d02465c6b6027974ba95cfee1396578e) Importer(815301076,1909f56bfc062723c751e8b465ee728b)  -> (artifact id: '41785ec4f48f56d9666c6f4820adb6fc') in 0.011064 seconds
  Import took 0.012717 seconds .

========================================================================
Received Import Request.
  Time since last request: 0.000130 seconds.
  path: Assets/PolygonPrototype/Scenes/Models/SM_Buildings_WallDoorDouble_3x3_01.fbx
  artifactKey: Guid(b03bf55f951b3ff45b7ea8c12f63c67b) Importer(815301076,1909f56bfc062723c751e8b465ee728b)
Start importing Assets/PolygonPrototype/Scenes/Models/SM_Buildings_WallDoorDouble_3x3_01.fbx using Guid(b03bf55f951b3ff45b7ea8c12f63c67b) Importer(815301076,1909f56bfc062723c751e8b465ee728b)  -> (artifact id: 'b5bb3d1c1425cbaac43f6ac1846ad8b0') in 0.009214 seconds
  Import took 0.010836 seconds .

========================================================================
Received Import Request.
  Time since last request: 0.000121 seconds.
  path: Assets/PolygonPrototype/Scenes/Models/SM_Icon_Ammo_02.fbx
  artifactKey: Guid(b5ee9651c3846144086d3ddeda65be1e) Importer(815301076,1909f56bfc062723c751e8b465ee728b)
Start importing Assets/PolygonPrototype/Scenes/Models/SM_Icon_Ammo_02.fbx using Guid(b5ee9651c3846144086d3ddeda65be1e) Importer(815301076,1909f56bfc062723c751e8b465ee728b)  -> (artifact id: '6d59c190e1507905b0a05649c59869e4') in 0.010084 seconds
  Import took 0.011764 seconds .

========================================================================
Received Import Request.
  Time since last request: 0.000154 seconds.
  path: Assets/PolygonPrototype/Scenes/Models/SM_Buildings_WallCurved_5x5_01P.fbx
  artifactKey: Guid(58dc61810fa23fc4d8355e6d7f968017) Importer(815301076,1909f56bfc062723c751e8b465ee728b)
Start importing Assets/PolygonPrototype/Scenes/Models/SM_Buildings_WallCurved_5x5_01P.fbx using Guid(58dc61810fa23fc4d8355e6d7f968017) Importer(815301076,1909f56bfc062723c751e8b465ee728b)  -> (artifact id: '6ccc222dc138979648c01fe72420f230') in 0.010198 seconds
  Import took 0.011962 seconds .

========================================================================
Received Import Request.
  Time since last request: 0.000131 seconds.
  path: Assets/PolygonPrototype/Scenes/Models/SM_Generic_Cloud_01.fbx
  artifactKey: Guid(de378bc91828d274ab164190ea4eba64) Importer(815301076,1909f56bfc062723c751e8b465ee728b)
Start importing Assets/PolygonPrototype/Scenes/Models/SM_Generic_Cloud_01.fbx using Guid(de378bc91828d274ab164190ea4eba64) Importer(815301076,1909f56bfc062723c751e8b465ee728b)  -> (artifact id: 'a8f89d3319308611741c4db7cc8192d4') in 0.010125 seconds
  Import took 0.011781 seconds .

========================================================================
Received Import Request.
  Time since last request: 0.000143 seconds.
  path: Assets/PolygonPrototype/Scenes/Models/SM_Icon_Arrow_Small_04.fbx
  artifactKey: Guid(ad6b783dc99b5bd44be86a68c296c331) Importer(815301076,1909f56bfc062723c751e8b465ee728b)
Start importing Assets/PolygonPrototype/Scenes/Models/SM_Icon_Arrow_Small_04.fbx using Guid(ad6b783dc99b5bd44be86a68c296c331) Importer(815301076,1909f56bfc062723c751e8b465ee728b)  -> (artifact id: '8bbaeeffe6dde89d99aa055de65f2a07') in 0.009905 seconds
  Import took 0.011737 seconds .

========================================================================
Received Import Request.
  Time since last request: 0.000124 seconds.
  path: Assets/PolygonPrototype/Scenes/Models/SM_Buildings_WallChamfered_5x5_01P.fbx
  artifactKey: Guid(09fc69f5358a8974180e97ce1c5c7511) Importer(815301076,1909f56bfc062723c751e8b465ee728b)
Start importing Assets/PolygonPrototype/Scenes/Models/SM_Buildings_WallChamfered_5x5_01P.fbx using Guid(09fc69f5358a8974180e97ce1c5c7511) Importer(815301076,1909f56bfc062723c751e8b465ee728b)  -> (artifact id: 'd545bcab87bfbe0c6dd84efd09214d77') in 0.011320 seconds
  Import took 0.012913 seconds .

========================================================================
Received Import Request.
  Time since last request: 0.000126 seconds.
  path: Assets/PolygonPrototype/Scenes/Models/SM_Icon_Arrow_Long_01.fbx
  artifactKey: Guid(61d24e80f99275d4f9cf3e5b40d66d54) Importer(815301076,1909f56bfc062723c751e8b465ee728b)
Start importing Assets/PolygonPrototype/Scenes/Models/SM_Icon_Arrow_Long_01.fbx using Guid(61d24e80f99275d4f9cf3e5b40d66d54) Importer(815301076,1909f56bfc062723c751e8b465ee728b)  -> (artifact id: '0e30c77a8e140fc7672bc69d88792fed') in 0.009371 seconds
  Import took 0.010974 seconds .

========================================================================
Received Import Request.
  Time since last request: 0.000123 seconds.
  path: Assets/PolygonPrototype/Scenes/Models/SM_Generic_Mountains_Grass_02.fbx
  artifactKey: Guid(bb048f641d830cf45afd84f87d44978b) Importer(815301076,1909f56bfc062723c751e8b465ee728b)
Start importing Assets/PolygonPrototype/Scenes/Models/SM_Generic_Mountains_Grass_02.fbx using Guid(bb048f641d830cf45afd84f87d44978b) Importer(815301076,1909f56bfc062723c751e8b465ee728b)  -> (artifact id: '509cc47c84961e89cc8d777414c23660') in 0.010106 seconds
  Import took 0.011743 seconds .

========================================================================
Received Import Request.
  Time since last request: 0.000134 seconds.
  path: Assets/PolygonPrototype/Scenes/Models/SM_Buildings_WallCurved_5x5_01.fbx
  artifactKey: Guid(ccd5c96c0b9c6a14bba4df85e935d276) Importer(815301076,1909f56bfc062723c751e8b465ee728b)
Start importing Assets/PolygonPrototype/Scenes/Models/SM_Buildings_WallCurved_5x5_01.fbx using Guid(ccd5c96c0b9c6a14bba4df85e935d276) Importer(815301076,1909f56bfc062723c751e8b465ee728b)  -> (artifact id: '2d8d336c48d862005f8660b6964c4458') in 0.010987 seconds
  Import took 0.012674 seconds .

========================================================================
Received Import Request.
  Time since last request: 0.000143 seconds.
  path: Assets/PolygonPrototype/Scenes/Models/SM_Gerneric_Grass_Patch_01.fbx
  artifactKey: Guid(a89a5ed8aae2faa408659f52eaaa3dcc) Importer(815301076,1909f56bfc062723c751e8b465ee728b)
Start importing Assets/PolygonPrototype/Scenes/Models/SM_Gerneric_Grass_Patch_01.fbx using Guid(a89a5ed8aae2faa408659f52eaaa3dcc) Importer(815301076,1909f56bfc062723c751e8b465ee728b)  -> (artifact id: 'cc33142d81feecba43cec5744296ef7f') in 0.010006 seconds
  Import took 0.011813 seconds .

========================================================================
Received Import Request.
  Time since last request: 0.000123 seconds.
  path: Assets/PolygonPrototype/Scenes/Models/SM_Buildings_WallWindowDouble_2x3_01P.fbx
  artifactKey: Guid(acfe9c61e641cb04b9c501f9a1936ea2) Importer(815301076,1909f56bfc062723c751e8b465ee728b)
Start importing Assets/PolygonPrototype/Scenes/Models/SM_Buildings_WallWindowDouble_2x3_01P.fbx using Guid(acfe9c61e641cb04b9c501f9a1936ea2) Importer(815301076,1909f56bfc062723c751e8b465ee728b)  -> (artifact id: 'd080b9297f356b7c25650103ebb5f1ff') in 0.009804 seconds
  Import took 0.011248 seconds .

========================================================================
Received Import Request.
  Time since last request: 0.000124 seconds.
  path: Assets/PolygonPrototype/Scenes/Models/SM_Icon_Arrow_Small_02.fbx
  artifactKey: Guid(ddd40872355b5494ba64bb792a26bc17) Importer(815301076,1909f56bfc062723c751e8b465ee728b)
Start importing Assets/PolygonPrototype/Scenes/Models/SM_Icon_Arrow_Small_02.fbx using Guid(ddd40872355b5494ba64bb792a26bc17) Importer(815301076,1909f56bfc062723c751e8b465ee728b)  -> (artifact id: '60f20da6886463b76214bd68c7357152') in 0.010548 seconds
  Import took 0.012140 seconds .

========================================================================
Received Import Request.
  Time since last request: 0.000123 seconds.
  path: Assets/PolygonPrototype/Scenes/Models/SM_Buildings_WallDoor_5x3_01.fbx
  artifactKey: Guid(1e093714a281058458fef71aad1c76c5) Importer(815301076,1909f56bfc062723c751e8b465ee728b)
Start importing Assets/PolygonPrototype/Scenes/Models/SM_Buildings_WallDoor_5x3_01.fbx using Guid(1e093714a281058458fef71aad1c76c5) Importer(815301076,1909f56bfc062723c751e8b465ee728b)  -> (artifact id: '91eb0de8e64c72fa04da625e57ea2917') in 0.009628 seconds
  Import took 0.011283 seconds .

========================================================================
Received Import Request.
  Time since last request: 0.000128 seconds.
  path: Assets/PolygonPrototype/Scenes/Models/SM_Generic_Tree_04.fbx
  artifactKey: Guid(bf58a331915d6234280ebcf9e3618d5c) Importer(815301076,1909f56bfc062723c751e8b465ee728b)
Start importing Assets/PolygonPrototype/Scenes/Models/SM_Generic_Tree_04.fbx using Guid(bf58a331915d6234280ebcf9e3618d5c) Importer(815301076,1909f56bfc062723c751e8b465ee728b)  -> (artifact id: '77cea860b55ea581c85df5f509f5442b') in 0.010255 seconds
  Import took 0.011895 seconds .

========================================================================
Received Import Request.
  Time since last request: 0.000120 seconds.
  path: Assets/PolygonPrototype/Scenes/Models/SM_Buildings_WallWindow_2x3_01P.fbx
  artifactKey: Guid(b65c3f0a0873e8a4b8d22233d8e4cf23) Importer(815301076,1909f56bfc062723c751e8b465ee728b)
Start importing Assets/PolygonPrototype/Scenes/Models/SM_Buildings_WallWindow_2x3_01P.fbx using Guid(b65c3f0a0873e8a4b8d22233d8e4cf23) Importer(815301076,1909f56bfc062723c751e8b465ee728b)  -> (artifact id: '785fdc2798970b943b46b6d79710824c') in 0.010643 seconds
  Import took 0.012300 seconds .

========================================================================
Received Import Request.
  Time since last request: 0.000119 seconds.
  path: Assets/PolygonPrototype/Scenes/Models/SM_Generic_Cloud_04.fbx
  artifactKey: Guid(4c0f1796ba480b542b88704ada1e9275) Importer(815301076,1909f56bfc062723c751e8b465ee728b)
Start importing Assets/PolygonPrototype/Scenes/Models/SM_Generic_Cloud_04.fbx using Guid(4c0f1796ba480b542b88704ada1e9275) Importer(815301076,1909f56bfc062723c751e8b465ee728b)  -> (artifact id: 'b500fe1db45e856088ca7ce5c5ad539c') in 0.010303 seconds
  Import took 0.012214 seconds .

========================================================================
Received Import Request.
  Time since last request: 0.000203 seconds.
  path: Assets/PolygonPrototype/Scenes/Models/SM_Buildings_WallCurved_2x2_01P.fbx
  artifactKey: Guid(4a75374ad8cec924499a14623bde0519) Importer(815301076,1909f56bfc062723c751e8b465ee728b)
Start importing Assets/PolygonPrototype/Scenes/Models/SM_Buildings_WallCurved_2x2_01P.fbx using Guid(4a75374ad8cec924499a14623bde0519) Importer(815301076,1909f56bfc062723c751e8b465ee728b)  -> (artifact id: 'fbdd4333c4904955c270e02c7841c32a') in 0.010057 seconds
  Import took 0.011756 seconds .

========================================================================
Received Import Request.
  Time since last request: 0.000128 seconds.
  path: Assets/PolygonPrototype/Scenes/Models/SM_Generic_Tree_03.fbx
  artifactKey: Guid(d28751ea4da29b04babd1deb12d3580a) Importer(815301076,1909f56bfc062723c751e8b465ee728b)
Start importing Assets/PolygonPrototype/Scenes/Models/SM_Generic_Tree_03.fbx using Guid(d28751ea4da29b04babd1deb12d3580a) Importer(815301076,1909f56bfc062723c751e8b465ee728b)  -> (artifact id: 'ee4caee03d26e4f8446155d3bab7085d') in 0.009927 seconds
  Import took 0.011629 seconds .

========================================================================
Received Import Request.
  Time since last request: 0.000133 seconds.
  path: Assets/PolygonPrototype/Scenes/Models/SM_Buildings_WallChamfered_5x5_01.fbx
  artifactKey: Guid(586b6902de4ce034dbeea84f24685b08) Importer(815301076,1909f56bfc062723c751e8b465ee728b)
Start importing Assets/PolygonPrototype/Scenes/Models/SM_Buildings_WallChamfered_5x5_01.fbx using Guid(586b6902de4ce034dbeea84f24685b08) Importer(815301076,1909f56bfc062723c751e8b465ee728b)  -> (artifact id: '02bc1369647a5ddb0edaba42a1a86435') in 0.009781 seconds
  Import took 0.011590 seconds .

========================================================================
Received Import Request.
  Time since last request: 0.000135 seconds.
  path: Assets/PolygonPrototype/Scenes/Models/SM_Buildings_WallCurved_2x2_01.fbx
  artifactKey: Guid(fc9ab94d15b307848927c4690bfc3258) Importer(815301076,1909f56bfc062723c751e8b465ee728b)
Start importing Assets/PolygonPrototype/Scenes/Models/SM_Buildings_WallCurved_2x2_01.fbx using Guid(fc9ab94d15b307848927c4690bfc3258) Importer(815301076,1909f56bfc062723c751e8b465ee728b)  -> (artifact id: '14d89f5d2d3be0ac781fdcd45d80b08f') in 0.009365 seconds
  Import took 0.011074 seconds .

========================================================================
Received Import Request.
  Time since last request: 0.000126 seconds.
  path: Assets/PolygonPrototype/Scenes/Models/SM_Buildings_WallChamfered_1x1_01P.fbx
  artifactKey: Guid(9ac9a80a618e39646a94f2d68b2c75a3) Importer(815301076,1909f56bfc062723c751e8b465ee728b)
Start importing Assets/PolygonPrototype/Scenes/Models/SM_Buildings_WallChamfered_1x1_01P.fbx using Guid(9ac9a80a618e39646a94f2d68b2c75a3) Importer(815301076,1909f56bfc062723c751e8b465ee728b)  -> (artifact id: 'ea3d729c1fdaeb84d0e0dbc682b22f05') in 0.010744 seconds
  Import took 0.012464 seconds .

========================================================================
Received Import Request.
  Time since last request: 0.000127 seconds.
  path: Assets/PolygonPrototype/Scenes/Models/SM_Buildings_WallWindow_5x3_01.fbx
  artifactKey: Guid(927b2cef1fa08a14f8ad8a9fa70484f0) Importer(815301076,1909f56bfc062723c751e8b465ee728b)
Start importing Assets/PolygonPrototype/Scenes/Models/SM_Buildings_WallWindow_5x3_01.fbx using Guid(927b2cef1fa08a14f8ad8a9fa70484f0) Importer(815301076,1909f56bfc062723c751e8b465ee728b)  -> (artifact id: '7a4a0ac973a8fb25bccc5f3870c511c6') in 0.009415 seconds
  Import took 0.011025 seconds .

========================================================================
Received Import Request.
  Time since last request: 0.000137 seconds.
  path: Assets/PolygonPrototype/Scenes/Models/SM_Generic_TreeDead_01.fbx
  artifactKey: Guid(200b169d65b878447ae37d8201bf715c) Importer(815301076,1909f56bfc062723c751e8b465ee728b)
Start importing Assets/PolygonPrototype/Scenes/Models/SM_Generic_TreeDead_01.fbx using Guid(200b169d65b878447ae37d8201bf715c) Importer(815301076,1909f56bfc062723c751e8b465ee728b)  -> (artifact id: 'd98b40fa1a40e6e5a74e56ab76b1938d') in 0.009656 seconds
  Import took 0.011230 seconds .

========================================================================
Received Import Request.
  Time since last request: 0.000167 seconds.
  path: Assets/PolygonPrototype/Scenes/Models/SM_Generic_TreeStump_01.fbx
  artifactKey: Guid(9e28bf54511c86c44aa6f3e23ee44c8f) Importer(815301076,1909f56bfc062723c751e8b465ee728b)
Start importing Assets/PolygonPrototype/Scenes/Models/SM_Generic_TreeStump_01.fbx using Guid(9e28bf54511c86c44aa6f3e23ee44c8f) Importer(815301076,1909f56bfc062723c751e8b465ee728b)  -> (artifact id: 'b28d1438f09166a031fdeb43bdb1bc7a') in 0.009974 seconds
  Import took 0.011643 seconds .

========================================================================
Received Import Request.
  Time since last request: 553.113017 seconds.
  path: Assets/PolygonPrototype/Prefabs/Generic/SM_Generic_Cloud_01.prefab
  artifactKey: Guid(05a22b6dc2b27b24a9a5342b2c71880b) Importer(815301076,1909f56bfc062723c751e8b465ee728b)
Start importing Assets/PolygonPrototype/Prefabs/Generic/SM_Generic_Cloud_01.prefab using Guid(05a22b6dc2b27b24a9a5342b2c71880b) Importer(815301076,1909f56bfc062723c751e8b465ee728b)  -> (artifact id: '4cd8a2a33dc1f8d5516aa39aab43d59b') in 0.012451 seconds
  Import took 0.014662 seconds .

========================================================================
Received Import Request.
  Time since last request: 0.000121 seconds.
  path: Assets/PolygonPrototype/Prefabs/Generic/SM_Generic_TreeStump_01.prefab
  artifactKey: Guid(fa66820763744ef46b5a9cfb5ef88187) Importer(815301076,1909f56bfc062723c751e8b465ee728b)
Start importing Assets/PolygonPrototype/Prefabs/Generic/SM_Generic_TreeStump_01.prefab using Guid(fa66820763744ef46b5a9cfb5ef88187) Importer(815301076,1909f56bfc062723c751e8b465ee728b)  -> (artifact id: 'fd096d051172b9460cab0c4801091140') in 0.008322 seconds
  Import took 0.009722 seconds .

========================================================================
Received Import Request.
  Time since last request: 0.000115 seconds.
  path: Assets/PolygonPrototype/Prefabs/Generic/SM_Generic_Water_Plane_01.prefab
  artifactKey: Guid(1ac2caf6f2f614c46a0ba6bf84980007) Importer(815301076,1909f56bfc062723c751e8b465ee728b)
Start importing Assets/PolygonPrototype/Prefabs/Generic/SM_Generic_Water_Plane_01.prefab using Guid(1ac2caf6f2f614c46a0ba6bf84980007) Importer(815301076,1909f56bfc062723c751e8b465ee728b)  -> (artifact id: '9f1697565dae2039fe4b124c092b148c') in 0.007030 seconds
  Import took 0.008375 seconds .

========================================================================
Received Import Request.
  Time since last request: 0.000117 seconds.
  path: Assets/PolygonPrototype/Prefabs/Generic/SM_Generic_Grass_Patch_01.prefab
  artifactKey: Guid(aaa9fac6c56c64d4eaceb647b35c69ed) Importer(815301076,1909f56bfc062723c751e8b465ee728b)
Start importing Assets/PolygonPrototype/Prefabs/Generic/SM_Generic_Grass_Patch_01.prefab using Guid(aaa9fac6c56c64d4eaceb647b35c69ed) Importer(815301076,1909f56bfc062723c751e8b465ee728b)  -> (artifact id: 'fb780fe5e6c8136f987b953a7b2f542c') in 0.008557 seconds
  Import took 0.010013 seconds .

========================================================================
Received Import Request.
  Time since last request: 0.000110 seconds.
  path: Assets/PolygonPrototype/Prefabs/Generic/SM_Generic_Small_Rocks_02.prefab
  artifactKey: Guid(23c6666f4e51c18408a67510426d9554) Importer(815301076,1909f56bfc062723c751e8b465ee728b)
Start importing Assets/PolygonPrototype/Prefabs/Generic/SM_Generic_Small_Rocks_02.prefab using Guid(23c6666f4e51c18408a67510426d9554) Importer(815301076,1909f56bfc062723c751e8b465ee728b)  -> (artifact id: '7337444bd1e552ef06b236bd01b2e30d') in 0.008616 seconds
  Import took 0.010122 seconds .

========================================================================
Received Import Request.
  Time since last request: 0.000115 seconds.
  path: Assets/PolygonPrototype/Prefabs/Generic/SM_Generic_Grass_Patch_02.prefab
  artifactKey: Guid(b97e712889582014c8dc1b56193a2314) Importer(815301076,1909f56bfc062723c751e8b465ee728b)
Start importing Assets/PolygonPrototype/Prefabs/Generic/SM_Generic_Grass_Patch_02.prefab using Guid(b97e712889582014c8dc1b56193a2314) Importer(815301076,1909f56bfc062723c751e8b465ee728b)  -> (artifact id: '89d3cec2ccd3e56f0eaa99c4599f328b') in 0.009440 seconds
  Import took 0.011277 seconds .

========================================================================
Received Import Request.
  Time since last request: 0.000141 seconds.
  path: Assets/PolygonPrototype/Prefabs/Generic/SM_Generic_Cloud_04.prefab
  artifactKey: Guid(0e8b339777f291f46a21854b1f5f9b04) Importer(815301076,1909f56bfc062723c751e8b465ee728b)
Start importing Assets/PolygonPrototype/Prefabs/Generic/SM_Generic_Cloud_04.prefab using Guid(0e8b339777f291f46a21854b1f5f9b04) Importer(815301076,1909f56bfc062723c751e8b465ee728b)  -> (artifact id: 'e058547bab2096384dc1e453ed6718fd') in 0.008560 seconds
  Import took 0.010080 seconds .

========================================================================
Received Import Request.
  Time since last request: 0.000161 seconds.
  path: Assets/PolygonPrototype/Prefabs/Generic/SM_Generic_Small_Rocks_01.prefab
  artifactKey: Guid(c77201b26fc729742973d2d4e601743f) Importer(815301076,1909f56bfc062723c751e8b465ee728b)
Start importing Assets/PolygonPrototype/Prefabs/Generic/SM_Generic_Small_Rocks_01.prefab using Guid(c77201b26fc729742973d2d4e601743f) Importer(815301076,1909f56bfc062723c751e8b465ee728b)  -> (artifact id: 'cbe93750268559b0abac4c560121af39') in 0.009289 seconds
  Import took 0.011005 seconds .

========================================================================
Received Import Request.
  Time since last request: 0.000106 seconds.
  path: Assets/PolygonPrototype/Prefabs/Generic/SM_Generic_Mountains_Snow_01.prefab
  artifactKey: Guid(7cba3508c71084d4d877dd172c76a321) Importer(815301076,1909f56bfc062723c751e8b465ee728b)
Start importing Assets/PolygonPrototype/Prefabs/Generic/SM_Generic_Mountains_Snow_01.prefab using Guid(7cba3508c71084d4d877dd172c76a321) Importer(815301076,1909f56bfc062723c751e8b465ee728b)  -> (artifact id: 'b759892c972ec32184d75364e0a3df19') in 0.009746 seconds
  Import took 0.011391 seconds .

========================================================================
Received Import Request.
  Time since last request: 0.000114 seconds.
  path: Assets/PolygonPrototype/Prefabs/Generic/SM_Generic_Water_Plane_02.prefab
  artifactKey: Guid(f9c5c5c870535fb48b0849bf33a79ab4) Importer(815301076,1909f56bfc062723c751e8b465ee728b)
Start importing Assets/PolygonPrototype/Prefabs/Generic/SM_Generic_Water_Plane_02.prefab using Guid(f9c5c5c870535fb48b0849bf33a79ab4) Importer(815301076,1909f56bfc062723c751e8b465ee728b)  -> (artifact id: '9b90d99f75896136745a0a6bf18ae453') in 0.007388 seconds
  Import took 0.008769 seconds .

========================================================================
Received Import Request.
  Time since last request: 0.000139 seconds.
  path: Assets/PolygonPrototype/Prefabs/Generic/SM_Generic_Tree_02.prefab
  artifactKey: Guid(44b363e80a9e4fd46ba03e4b71173a9e) Importer(815301076,1909f56bfc062723c751e8b465ee728b)
Start importing Assets/PolygonPrototype/Prefabs/Generic/SM_Generic_Tree_02.prefab using Guid(44b363e80a9e4fd46ba03e4b71173a9e) Importer(815301076,1909f56bfc062723c751e8b465ee728b)  -> (artifact id: 'aee1676881148a54d050b74e7f0d934b') in 0.008461 seconds
  Import took 0.009924 seconds .

========================================================================
Received Import Request.
  Time since last request: 0.000122 seconds.
  path: Assets/PolygonPrototype/Prefabs/Generic/SM_Generic_Mountains_Grass_01.prefab
  artifactKey: Guid(592e533f873a77f4aad3561e2a0ed3fd) Importer(815301076,1909f56bfc062723c751e8b465ee728b)
Start importing Assets/PolygonPrototype/Prefabs/Generic/SM_Generic_Mountains_Grass_01.prefab using Guid(592e533f873a77f4aad3561e2a0ed3fd) Importer(815301076,1909f56bfc062723c751e8b465ee728b)  -> (artifact id: 'f4f769a518dd5d73e89ba83251b3b868') in 0.009499 seconds
  Import took 0.011305 seconds .

========================================================================
Received Import Request.
  Time since last request: 0.000125 seconds.
  path: Assets/PolygonPrototype/Prefabs/Generic/SM_Generic_TreeDead_01.prefab
  artifactKey: Guid(a48c66cea6b296343a9a954ab39c7cdc) Importer(815301076,1909f56bfc062723c751e8b465ee728b)
Start importing Assets/PolygonPrototype/Prefabs/Generic/SM_Generic_TreeDead_01.prefab using Guid(a48c66cea6b296343a9a954ab39c7cdc) Importer(815301076,1909f56bfc062723c751e8b465ee728b)  -> (artifact id: 'fe5a0d7954580b3cd5ccda4c5e161a81') in 0.008326 seconds
  Import took 0.009948 seconds .

========================================================================
Received Import Request.
  Time since last request: 0.000114 seconds.
  path: Assets/PolygonPrototype/Prefabs/Generic/SM_Generic_Mountains_Grass_02.prefab
  artifactKey: Guid(5505df71d4406134ea8392330a8d917b) Importer(815301076,1909f56bfc062723c751e8b465ee728b)
Start importing Assets/PolygonPrototype/Prefabs/Generic/SM_Generic_Mountains_Grass_02.prefab using Guid(5505df71d4406134ea8392330a8d917b) Importer(815301076,1909f56bfc062723c751e8b465ee728b)  -> (artifact id: '3fbbe8e4248203bf1ac71d9f90d91f79') in 0.008935 seconds
  Import took 0.010487 seconds .

========================================================================
Received Import Request.
  Time since last request: 0.000128 seconds.
  path: Assets/PolygonPrototype/Prefabs/Generic/SM_Generic_Tree_04.prefab
  artifactKey: Guid(aec9b02eac062314dafd229d901fd52c) Importer(815301076,1909f56bfc062723c751e8b465ee728b)
Start importing Assets/PolygonPrototype/Prefabs/Generic/SM_Generic_Tree_04.prefab using Guid(aec9b02eac062314dafd229d901fd52c) Importer(815301076,1909f56bfc062723c751e8b465ee728b)  -> (artifact id: '903aaa8483828d4e14e268db4eaf595d') in 0.008404 seconds
  Import took 0.010095 seconds .

========================================================================
Received Import Request.
  Time since last request: 0.000139 seconds.
  path: Assets/PolygonPrototype/Prefabs/Generic/SM_Generic_Cloud_02.prefab
  artifactKey: Guid(946ab6c23f91a5648a10f6b06cccea74) Importer(815301076,1909f56bfc062723c751e8b465ee728b)
Start importing Assets/PolygonPrototype/Prefabs/Generic/SM_Generic_Cloud_02.prefab using Guid(946ab6c23f91a5648a10f6b06cccea74) Importer(815301076,1909f56bfc062723c751e8b465ee728b)  -> (artifact id: '5bec0a7ea11180747d0cdcae2c807129') in 0.008351 seconds
  Import took 0.009930 seconds .

========================================================================
Received Import Request.
  Time since last request: 0.000116 seconds.
  path: Assets/PolygonPrototype/Prefabs/Generic/SM_Generic_Cloud_03.prefab
  artifactKey: Guid(711657b179c657e4a9b8b1d4381e8467) Importer(815301076,1909f56bfc062723c751e8b465ee728b)
Start importing Assets/PolygonPrototype/Prefabs/Generic/SM_Generic_Cloud_03.prefab using Guid(711657b179c657e4a9b8b1d4381e8467) Importer(815301076,1909f56bfc062723c751e8b465ee728b)  -> (artifact id: 'fed85b62fab54731d1006b5ab895af2b') in 0.008428 seconds
  Import took 0.010020 seconds .

========================================================================
Received Import Request.
  Time since last request: 0.000165 seconds.
  path: Assets/PolygonPrototype/Prefabs/Generic/SM_Generic_Tree_03.prefab
  artifactKey: Guid(74cd91a7648f08249bcdb5736bcf8a86) Importer(815301076,1909f56bfc062723c751e8b465ee728b)
Start importing Assets/PolygonPrototype/Prefabs/Generic/SM_Generic_Tree_03.prefab using Guid(74cd91a7648f08249bcdb5736bcf8a86) Importer(815301076,1909f56bfc062723c751e8b465ee728b)  -> (artifact id: 'dc55fa2cdd327193d0a30d4fea3222e2') in 0.008370 seconds
  Import took 0.010295 seconds .

========================================================================
Received Import Request.
  Time since last request: 0.000118 seconds.
  path: Assets/PolygonPrototype/Prefabs/Generic/SM_Generic_Tree_01.prefab
  artifactKey: Guid(408f59ce148892a4480e8987e8a029b1) Importer(815301076,1909f56bfc062723c751e8b465ee728b)
Start importing Assets/PolygonPrototype/Prefabs/Generic/SM_Generic_Tree_01.prefab using Guid(408f59ce148892a4480e8987e8a029b1) Importer(815301076,1909f56bfc062723c751e8b465ee728b)  -> (artifact id: '487c459ef447b72ad0f6d59e08ee6fed') in 0.007762 seconds
  Import took 0.009330 seconds .

========================================================================
Received Import Request.
  Time since last request: 0.000118 seconds.
  path: Assets/PolygonPrototype/Prefabs/Generic/SM_Generic_Mountains_Soft_01.prefab
  artifactKey: Guid(6e0dbb46da4c95f46ab24246940cf6f6) Importer(815301076,1909f56bfc062723c751e8b465ee728b)
Start importing Assets/PolygonPrototype/Prefabs/Generic/SM_Generic_Mountains_Soft_01.prefab using Guid(6e0dbb46da4c95f46ab24246940cf6f6) Importer(815301076,1909f56bfc062723c751e8b465ee728b)  -> (artifact id: '0ac2e190f920d775c510074b044f6540') in 0.008210 seconds
  Import took 0.009850 seconds .

========================================================================
Received Import Request.
  Time since last request: 30.083328 seconds.
  path: Assets/PolygonPrototype/Prefabs/Generic
  artifactKey: Guid(f92fbb5a2c7f4bc4fb749efa0cf872e4) Importer(815301076,1909f56bfc062723c751e8b465ee728b)
Start importing Assets/PolygonPrototype/Prefabs/Generic using Guid(f92fbb5a2c7f4bc4fb749efa0cf872e4) Importer(815301076,1909f56bfc062723c751e8b465ee728b)  -> (artifact id: 'f0aa3e78a12d02634da3c3ace999772d') in 0.004447 seconds
  Import took 0.006200 seconds .

========================================================================
Received Import Request.
  Time since last request: 11.142162 seconds.
  path: Assets/PolygonPrototype/Prefabs/Character_FPS_Hands/FiveFinger/Character_FPS_Arms_FiveFinger_01.prefab
  artifactKey: Guid(cf8e268b32ddbee488f1327f1fd8c5d9) Importer(815301076,1909f56bfc062723c751e8b465ee728b)
Start importing Assets/PolygonPrototype/Prefabs/Character_FPS_Hands/FiveFinger/Character_FPS_Arms_FiveFinger_01.prefab using Guid(cf8e268b32ddbee488f1327f1fd8c5d9) Importer(815301076,1909f56bfc062723c751e8b465ee728b)  -> (artifact id: 'efbdb8f6b15b9b953f2735abab244d2a') in 0.026004 seconds
  Import took 0.028359 seconds .

========================================================================
Received Import Request.
  Time since last request: 0.000128 seconds.
  path: Assets/PolygonPrototype/Prefabs/Character_FPS_Hands/FiveFinger/Character_FPS_Hands_FiveFinger_01.prefab
  artifactKey: Guid(cffb3216c7854ab418a0045b21440088) Importer(815301076,1909f56bfc062723c751e8b465ee728b)
Start importing Assets/PolygonPrototype/Prefabs/Character_FPS_Hands/FiveFinger/Character_FPS_Hands_FiveFinger_01.prefab using Guid(cffb3216c7854ab418a0045b21440088) Importer(815301076,1909f56bfc062723c751e8b465ee728b)  -> (artifact id: '5aab4b7d41e92a1d765b03dd5f88a33b') in 0.033665 seconds
  Import took 0.035429 seconds .

========================================================================
Received Import Request.
  Time since last request: 0.000133 seconds.
  path: Assets/PolygonPrototype/Scenes/Models/SM_Icon_Gem_01.fbx
  artifactKey: Guid(c8e9a715daac24048a124a1f8e3487fa) Importer(815301076,1909f56bfc062723c751e8b465ee728b)
Start importing Assets/PolygonPrototype/Scenes/Models/SM_Icon_Gem_01.fbx using Guid(c8e9a715daac24048a124a1f8e3487fa) Importer(815301076,1909f56bfc062723c751e8b465ee728b)  -> (artifact id: 'fbf33187726a7ec6b664ed4570a92a7e') in 0.027009 seconds
  Import took 0.028975 seconds .

========================================================================
Received Import Request.
  Time since last request: 0.000132 seconds.
  path: Assets/PolygonPrototype/Prefabs/Icons/SM_Icon_Gem_01.prefab
  artifactKey: Guid(9e928de923724f54ea836e735efdd8b6) Importer(815301076,1909f56bfc062723c751e8b465ee728b)
Start importing Assets/PolygonPrototype/Prefabs/Icons/SM_Icon_Gem_01.prefab using Guid(9e928de923724f54ea836e735efdd8b6) Importer(815301076,1909f56bfc062723c751e8b465ee728b)  -> (artifact id: 'd0aa21ddb937defc7faeef9ad0b4ba52') in 0.008196 seconds
  Import took 0.009698 seconds .

========================================================================
Received Import Request.
  Time since last request: 0.000111 seconds.
  path: Assets/PolygonPrototype/Prefabs/Character_FPS_Hands/FiveFinger/Character_FPS_Arms_FiveFinger_02.prefab
  artifactKey: Guid(be265e142a7ab1a40b4e9367488943f9) Importer(815301076,1909f56bfc062723c751e8b465ee728b)
Start importing Assets/PolygonPrototype/Prefabs/Character_FPS_Hands/FiveFinger/Character_FPS_Arms_FiveFinger_02.prefab using Guid(be265e142a7ab1a40b4e9367488943f9) Importer(815301076,1909f56bfc062723c751e8b465ee728b)  -> (artifact id: 'c335a655e53aedc77d7772bccbfea619') in 0.012233 seconds
  Import took 0.013994 seconds .

========================================================================
Received Import Request.
  Time since last request: 0.000126 seconds.
  path: Assets/PolygonPrototype/Prefabs/Character_FPS_Hands/FiveFinger/Character_FPS_Arms_FiveFinger_03.prefab
  artifactKey: Guid(fd5e831e3540bb449acb00ec35e888ac) Importer(815301076,1909f56bfc062723c751e8b465ee728b)
Start importing Assets/PolygonPrototype/Prefabs/Character_FPS_Hands/FiveFinger/Character_FPS_Arms_FiveFinger_03.prefab using Guid(fd5e831e3540bb449acb00ec35e888ac) Importer(815301076,1909f56bfc062723c751e8b465ee728b)  -> (artifact id: '5a3352e60d5abb208c4b5d942ea6ad7d') in 0.012138 seconds
  Import took 0.013899 seconds .

========================================================================
Received Prepare
Registering precompiled user dll's ...
Registered in 0.000658 seconds.
Begin MonoManager ReloadAssembly
Native extension for WindowsStandalone target not found
Refreshing native plugins compatible for Editor in 0.34 ms, found 0 plugins.
Preloading 0 native plugins for Editor in 0.00 ms.
Invoked RoslynAnalysisRunner static constructor.
RoslynAnalysisRunner will not be running.
RoslynAnalysisRunner has terminated.
Mono: successfully reloaded assembly
- Completed reload, in  0.655 seconds
Platform modules already initialized, skipping
Refreshing native plugins compatible for Editor in 0.39 ms, found 0 plugins.
Preloading 0 native plugins for Editor in 0.00 ms.
Unloading 1129 Unused Serialized files (Serialized files now loaded: 0)
System memory in use before: 78.7 MB.
System memory in use after: 78.7 MB.

Unloading 6 unused Assets to reduce memory usage. Loaded Objects now: 1631.
Total: 1.701000 ms (FindLiveObjects: 0.164600 ms CreateObjectMapping: 0.027700 ms MarkObjects: 1.450400 ms  DeleteObjects: 0.057500 ms)

========================================================================
Received Import Request.
  Time since last request: 2026.125432 seconds.
  path: Assets/Audio/ButtonSound.mp3
  artifactKey: Guid(04006c4bbb7a77f44a319d422fbc6d15) Importer(815301076,1909f56bfc062723c751e8b465ee728b)
Start importing Assets/Audio/ButtonSound.mp3 using Guid(04006c4bbb7a77f44a319d422fbc6d15) Importer(815301076,1909f56bfc062723c751e8b465ee728b)  -> (artifact id: '6816042b821236626715ea1126d5e415') in 0.047060 seconds
  Import took 0.049208 seconds .

========================================================================
Received Prepare
Registering precompiled user dll's ...
Registered in 0.000730 seconds.
Begin MonoManager ReloadAssembly
Native extension for WindowsStandalone target not found
Refreshing native plugins compatible for Editor in 0.34 ms, found 0 plugins.
Preloading 0 native plugins for Editor in 0.00 ms.
Invoked RoslynAnalysisRunner static constructor.
RoslynAnalysisRunner will not be running.
RoslynAnalysisRunner has terminated.
Mono: successfully reloaded assembly
- Completed reload, in  0.901 seconds
Platform modules already initialized, skipping
Refreshing native plugins compatible for Editor in 0.41 ms, found 0 plugins.
Preloading 0 native plugins for Editor in 0.00 ms.
Unloading 1129 Unused Serialized files (Serialized files now loaded: 0)
System memory in use before: 78.7 MB.
System memory in use after: 78.8 MB.

Unloading 5 unused Assets to reduce memory usage. Loaded Objects now: 1637.
Total: 1.810000 ms (FindLiveObjects: 0.154400 ms CreateObjectMapping: 0.039000 ms MarkObjects: 1.559600 ms  DeleteObjects: 0.056200 ms)

AssetImportWorkerClient::OnTransportError - code=2 error=End of file
